[2026-04-17 03:44:49] [INFO] Application started
[2026-04-17 03:45:15] [INFO] Application exited
[2026-04-17 03:45:20] [INFO] Application started
[2026-04-17 03:45:50] [WARN] Registration rejected: weak password for user=exploreanand
[2026-04-17 03:46:19] [WARN] Login failed: unknown user
[2026-04-17 03:47:23] [WARN] Registration rejected: bad username format
[2026-04-17 03:57:59] [INFO] Application started
[2026-04-17 03:58:02] [INFO] Application exited
[2026-04-17 04:19:54] [INFO] Application started
[2026-04-17 04:20:18] [WARN] Registration rejected: weak password for user=exploreanand
[2026-04-17 04:20:26] [INFO] Application exited
2026-04-17 04:27:15,560 [INFO] Application started
2026-04-17 04:27:36,213 [WARNING] Reg: weak pwd exploreanandabhi1234
2026-04-17 04:32:35,844 [INFO] Application started
2026-04-17 04:32:39,703 [INFO] Application exited
2026-04-17 09:17:53,543 [INFO] Application started
2026-04-17 09:18:29,229 [WARNING] Reg: weak pwd abhinav21
2026-04-17 09:19:03,786 [INFO] Registered abhinav21 (user)
2026-04-17 09:19:25,750 [INFO] Login success: abhinav21
2026-04-17 09:20:25,807 [INFO] Registered abhi21 (user)
2026-04-17 10:16:28,562 [INFO] Application started
